[debug] [2021-09-19T12:00:14.247Z] ----------------------------------------------------------------------
[debug] [2021-09-19T12:00:14.249Z] Command:       C:\Program Files\nodejs\node.exe C:\Users\alire\AppData\Roaming\npm\node_modules\firebase-tools\lib\bin\firebase.js init
[debug] [2021-09-19T12:00:14.250Z] CLI Version:   9.18.0
[debug] [2021-09-19T12:00:14.250Z] Platform:      win32
[debug] [2021-09-19T12:00:14.250Z] Node Version:  v14.17.3
[debug] [2021-09-19T12:00:14.250Z] Time:          Sun Sep 19 2021 16:30:14 GMT+0430 (Iran Daylight Time)
[debug] [2021-09-19T12:00:14.250Z] ----------------------------------------------------------------------
[debug] 
[debug] [2021-09-19T12:00:14.253Z] >>> [apiv2][query] GET https://firebase-public.firebaseio.com/cli.json [none]
[debug] [2021-09-19T12:00:14.281Z] > command requires scopes: ["email","openid","https://www.googleapis.com/auth/cloudplatformprojects.readonly","https://www.googleapis.com/auth/firebase","https://www.googleapis.com/auth/cloud-platform"]
[debug] [2021-09-19T12:00:14.281Z] > authorizing via signed-in user (alirezahodaee14@gmail.com)
[info] 
     ######## #### ########  ######## ########     ###     ######  ########
     ##        ##  ##     ## ##       ##     ##  ##   ##  ##       ##
     ######    ##  ########  ######   ########  #########  ######  ######
     ##        ##  ##    ##  ##       ##     ## ##     ##       ## ##
     ##       #### ##     ## ######## ########  ##     ##  ######  ########

You're about to initialize a Firebase project in this directory:

  C:\Users\alire\Documents\Programming\taha

[info] 
=== Project Setup
[info] 
[info] First, let's associate this project directory with a Firebase project.
[info] You can create multiple project aliases by running firebase use --add, 
[info] but for now we'll just set up a default project.
[info] 
[info] i  If you want to create a project in a Google Cloud organization or folder, please use "firebase projects:create" instead, and return to this command when you've created the project. 
[debug] [2021-09-19T12:00:35.649Z] >>> HTTP REQUEST POST https://cloudresourcemanager.googleapis.com/v1/projects  
 {"projectId":"taha-esmt","name":"taha-esmt"}
[debug] [2021-09-19T12:01:10.085Z] FirebaseError: Server Error. ESOCKETTIMEDOUT
    at Request._callback (C:\Users\alire\AppData\Roaming\npm\node_modules\firebase-tools\lib\api.js:32:31)
    at self.callback (C:\Users\alire\AppData\Roaming\npm\node_modules\firebase-tools\node_modules\request\request.js:185:22)
    at Request.emit (events.js:375:28)
    at Request.emit (domain.js:470:12)
    at ClientRequest.<anonymous> (C:\Users\alire\AppData\Roaming\npm\node_modules\firebase-tools\node_modules\request\request.js:819:16)
    at Object.onceWrapper (events.js:481:28)
    at ClientRequest.emit (events.js:375:28)
    at ClientRequest.emit (domain.js:470:12)
    at TLSSocket.emitRequestTimeout (_http_client.js:790:9)
    at Object.onceWrapper (events.js:481:28)
    at TLSSocket.emit (events.js:387:35)
    at TLSSocket.emit (domain.js:470:12)
    at TLSSocket.Socket._onTimeout (net.js:484:8)
    at listOnTimeout (internal/timers.js:557:17)
    at processTimers (internal/timers.js:500:7)
[error] 
[error] Error: Failed to create project. See firebase-debug.log for more info.
